{"numFailedTestSuites":0,"numFailedTests":0,"numPassedTestSuites":3,"numPassedTests":13,"numPendingTestSuites":0,"numPendingTests":0,"numRuntimeErrorTestSuites":0,"numTodoTests":0,"numTotalTestSuites":3,"numTotalTests":13,"openHandles":[],"snapshot":{"added":0,"didUpdate":false,"failure":false,"filesAdded":0,"filesRemoved":0,"filesRemovedList":[],"filesUnmatched":0,"filesUpdated":0,"matched":0,"total":0,"unchecked":0,"uncheckedKeysByFile":[],"unmatched":0,"updated":0},"startTime":1757506731839,"success":true,"testResults":[{"assertionResults":[{"ancestorTitles":["POST /api/resumes/upload"],"duration":126,"failureDetails":[],"failureMessages":[],"fullName":"POST /api/resumes/upload should upload, parse, and save a PDF file successfully","invocations":1,"location":null,"numPassingAsserts":8,"retryReasons":[],"status":"passed","title":"should upload, parse, and save a PDF file successfully"},{"ancestorTitles":["POST /api/resumes/upload"],"duration":47,"failureDetails":[],"failureMessages":[],"fullName":"POST /api/resumes/upload should upload, parse, and save a DOCX file successfully","invocations":1,"location":null,"numPassingAsserts":8,"retryReasons":[],"status":"passed","title":"should upload, parse, and save a DOCX file successfully"},{"ancestorTitles":["POST /api/resumes/upload"],"duration":16,"failureDetails":[],"failureMessages":[],"fullName":"POST /api/resumes/upload should return 401 if user is not authenticated","invocations":1,"location":null,"numPassingAsserts":3,"retryReasons":[],"status":"passed","title":"should return 401 if user is not authenticated"},{"ancestorTitles":["POST /api/resumes/upload"],"duration":31,"failureDetails":[],"failureMessages":[],"fullName":"POST /api/resumes/upload should return 400 if no file is uploaded","invocations":1,"location":null,"numPassingAsserts":4,"retryReasons":[],"status":"passed","title":"should return 400 if no file is uploaded"},{"ancestorTitles":["POST /api/resumes/upload"],"duration":20,"failureDetails":[],"failureMessages":[],"fullName":"POST /api/resumes/upload should return 400 for unsupported file type (e.g., txt)","invocations":1,"location":null,"numPassingAsserts":4,"retryReasons":[],"status":"passed","title":"should return 400 for unsupported file type (e.g., txt)"},{"ancestorTitles":["POST /api/resumes/upload"],"duration":36,"failureDetails":[],"failureMessages":[],"fullName":"POST /api/resumes/upload should return 500 if PDF parsing fails","invocations":1,"location":null,"numPassingAsserts":4,"retryReasons":[],"status":"passed","title":"should return 500 if PDF parsing fails"},{"ancestorTitles":["POST /api/resumes/upload"],"duration":35,"failureDetails":[],"failureMessages":[],"fullName":"POST /api/resumes/upload should return 500 if Firestore saving fails","invocations":1,"location":null,"numPassingAsserts":4,"retryReasons":[],"status":"passed","title":"should return 500 if Firestore saving fails"}],"endTime":1757506737577,"message":"","name":"C:\\Users\\Vijay\\OneDrive\\Desktop\\ResumeXpertAi\\ResumeXpert-Ai\\backend\\src\\tests\\resume.test.ts","startTime":1757506732230,"status":"passed","summary":""},{"assertionResults":[{"ancestorTitles":["Simple Test Suite"],"duration":1,"failureDetails":[],"failureMessages":[],"fullName":"Simple Test Suite should pass a simple test","invocations":1,"location":null,"numPassingAsserts":1,"retryReasons":[],"status":"passed","title":"should pass a simple test"},{"ancestorTitles":["GET / - Basic Server Test"],"duration":27,"failureDetails":[],"failureMessages":[],"fullName":"GET / - Basic Server Test should respond with the welcome message","invocations":1,"location":null,"numPassingAsserts":2,"retryReasons":[],"status":"passed","title":"should respond with the welcome message"}],"endTime":1757506738262,"message":"","name":"C:\\Users\\Vijay\\OneDrive\\Desktop\\ResumeXpertAi\\ResumeXpert-Ai\\backend\\src\\tests\\server.test.ts","startTime":1757506737593,"status":"passed","summary":""},{"assertionResults":[{"ancestorTitles":["POST /api/auth/signup"],"duration":44,"failureDetails":[],"failureMessages":[],"fullName":"POST /api/auth/signup should create a new user successfully","invocations":1,"location":null,"numPassingAsserts":9,"retryReasons":[],"status":"passed","title":"should create a new user successfully"},{"ancestorTitles":["POST /api/auth/signup"],"duration":20,"failureDetails":[],"failureMessages":[],"fullName":"POST /api/auth/signup should return 400 if required fields are missing","invocations":1,"location":null,"numPassingAsserts":4,"retryReasons":[],"status":"passed","title":"should return 400 if required fields are missing"},{"ancestorTitles":["POST /api/auth/signup"],"duration":20,"failureDetails":[],"failureMessages":[],"fullName":"POST /api/auth/signup should return 409 if email already exists","invocations":1,"location":null,"numPassingAsserts":4,"retryReasons":[],"status":"passed","title":"should return 409 if email already exists"},{"ancestorTitles":["POST /api/auth/signup"],"duration":19,"failureDetails":[],"failureMessages":[],"fullName":"POST /api/auth/signup should return 500 for other Firebase errors","invocations":1,"location":null,"numPassingAsserts":4,"retryReasons":[],"status":"passed","title":"should return 500 for other Firebase errors"}],"endTime":1757506738663,"message":"","name":"C:\\Users\\Vijay\\OneDrive\\Desktop\\ResumeXpertAi\\ResumeXpert-Ai\\backend\\src\\tests\\auth.test.ts","startTime":1757506738273,"status":"passed","summary":""}],"wasInterrupted":false}
